2024-11-14 02:30:14,941 [Worker-7: Loading available Gradle versions] INFO  o.e.b.c.i.u.g.PublishedGradleVersions - Gradle version information cache is not available. Remote download required.
2024-11-14 02:31:14,368 [Worker-26: Building] INFO  o.e.m.c.i.l.LifecycleMappingFactory - Using org.eclipse.m2e.jdt.JarLifecycleMapping lifecycle mapping for MavenProject: com.Practical:Collage-Spring:0.0.1-SNAPSHOT @ /Users/srinivasdeekonda/Documents/workspace-spring-tool-suite-4-4.23.0.RELEASE/Collage-Spring/pom.xml.
2024-11-14 02:31:15,231 [Worker-26: Building] INFO  o.a.m.s.f.DefaultMavenResourcesFiltering - Copying 1 resource from src/main/resources to target/classes
2024-11-14 02:31:15,245 [Worker-26: Building] INFO  o.a.m.s.f.DefaultMavenResourcesFiltering - Copying 0 resource from src/main/resources to target/classes
2024-11-14 02:31:15,251 [Worker-26: Building] INFO  o.a.m.s.f.DefaultMavenResourcesFiltering - skip non existing resourceDirectory /Users/srinivasdeekonda/Documents/workspace-spring-tool-suite-4-4.23.0.RELEASE/Collage-Spring/src/test/resources
2024-11-14 02:31:15,666 [Worker-6: Building] INFO  o.a.m.s.f.DefaultMavenResourcesFiltering - Copying 1 resource from src/main/resources to target/classes
2024-11-14 02:31:15,667 [Worker-6: Building] INFO  o.a.m.s.f.DefaultMavenResourcesFiltering - Copying 0 resource from src/main/resources to target/classes
2024-11-14 02:31:15,671 [Worker-6: Building] INFO  o.a.m.s.f.DefaultMavenResourcesFiltering - skip non existing resourceDirectory /Users/srinivasdeekonda/Documents/workspace-spring-tool-suite-4-4.23.0.RELEASE/Collage-Spring/src/test/resources
2024-11-14 02:31:16,696 [Worker-6: Building] INFO  o.e.m.c.i.l.LifecycleMappingFactory - Using org.eclipse.m2e.jdt.JarLifecycleMapping lifecycle mapping for MavenProject: com.Practical:EmployeeManagement:0.0.1-SNAPSHOT @ /Users/srinivasdeekonda/Documents/workspace-spring-tool-suite-4-4.23.0.RELEASE/EmployeeManagement/pom.xml.
2024-11-14 02:31:17,300 [Worker-6: Building] INFO  o.a.m.s.f.DefaultMavenResourcesFiltering - Copying 1 resource from src/main/resources to target/classes
2024-11-14 02:31:17,315 [Worker-6: Building] INFO  o.a.m.s.f.DefaultMavenResourcesFiltering - Copying 2 resources from src/main/resources to target/classes
2024-11-14 02:31:17,326 [Worker-6: Building] INFO  o.a.m.s.f.DefaultMavenResourcesFiltering - skip non existing resourceDirectory /Users/srinivasdeekonda/Documents/workspace-spring-tool-suite-4-4.23.0.RELEASE/EmployeeManagement/src/test/resources
2024-11-14 02:31:17,774 [Worker-23: Building] INFO  o.a.m.s.f.DefaultMavenResourcesFiltering - Copying 1 resource from src/main/resources to target/classes
2024-11-14 02:31:17,776 [Worker-23: Building] INFO  o.a.m.s.f.DefaultMavenResourcesFiltering - Copying 2 resources from src/main/resources to target/classes
2024-11-14 02:31:17,781 [Worker-23: Building] INFO  o.a.m.s.f.DefaultMavenResourcesFiltering - skip non existing resourceDirectory /Users/srinivasdeekonda/Documents/workspace-spring-tool-suite-4-4.23.0.RELEASE/EmployeeManagement/src/test/resources
2024-11-14 02:31:19,543 [Worker-23: Building] INFO  o.e.m.c.i.e.AbstractTransferListenerAdapter - Downloading https://repo.maven.apache.org/maven2/org/apache/maven/plugins/maven-install-plugin/3.1.2/maven-install-plugin-3.1.2.jar
2024-11-14 02:31:19,869 [Worker-23: Building] INFO  o.e.m.c.i.e.AbstractTransferListenerAdapter - Downloaded https://repo.maven.apache.org/maven2/org/apache/maven/plugins/maven-install-plugin/3.1.2/maven-install-plugin-3.1.2.jar
2024-11-14 02:31:20,133 [Worker-23: Building] INFO  o.e.m.c.i.e.AbstractTransferListenerAdapter - Downloading https://repo.maven.apache.org/maven2/org/apache/maven/plugins/maven-deploy-plugin/3.1.2/maven-deploy-plugin-3.1.2.jar
2024-11-14 02:31:20,390 [Worker-23: Building] INFO  o.e.m.c.i.e.AbstractTransferListenerAdapter - Downloaded https://repo.maven.apache.org/maven2/org/apache/maven/plugins/maven-deploy-plugin/3.1.2/maven-deploy-plugin-3.1.2.jar
2024-11-14 02:31:20,404 [Worker-23: Building] INFO  o.e.m.c.i.l.LifecycleMappingFactory - Using org.eclipse.m2e.jdt.JarLifecycleMapping lifecycle mapping for MavenProject: com.Srinivas:Hibernate:0.0.1-SNAPSHOT @ /Users/srinivasdeekonda/Documents/workspace-spring-tool-suite-4-4.23.0.RELEASE/Hibernate/pom.xml.
2024-11-14 02:31:20,849 [Worker-23: Building] INFO  o.a.m.s.f.DefaultMavenResourcesFiltering - skip non existing resourceDirectory /Users/srinivasdeekonda/Documents/workspace-spring-tool-suite-4-4.23.0.RELEASE/Hibernate/src/main/resources
2024-11-14 02:31:20,854 [Worker-23: Building] INFO  o.a.m.s.f.DefaultMavenResourcesFiltering - skip non existing resourceDirectory /Users/srinivasdeekonda/Documents/workspace-spring-tool-suite-4-4.23.0.RELEASE/Hibernate/src/test/resources
2024-11-14 02:31:21,071 [Worker-2: Building] INFO  o.a.m.s.f.DefaultMavenResourcesFiltering - skip non existing resourceDirectory /Users/srinivasdeekonda/Documents/workspace-spring-tool-suite-4-4.23.0.RELEASE/Hibernate/src/main/resources
2024-11-14 02:31:21,073 [Worker-2: Building] INFO  o.a.m.s.f.DefaultMavenResourcesFiltering - skip non existing resourceDirectory /Users/srinivasdeekonda/Documents/workspace-spring-tool-suite-4-4.23.0.RELEASE/Hibernate/src/test/resources
2024-11-14 02:31:21,743 [Worker-2: Building] INFO  o.e.m.c.i.l.LifecycleMappingFactory - Using org.eclipse.m2e.jdt.JarLifecycleMapping lifecycle mapping for MavenProject: com.javatpoint:SpringMVCCRUDSimple:1.0-SNAPSHOT @ /Users/srinivasdeekonda/Documents/workspace-spring-tool-suite-4-4.23.0.RELEASE/SpringMVCCRUDSimple/pom.xml.
2024-11-14 02:31:21,822 [Worker-2: Building] WARN  o.a.m.s.f.DefaultMavenResourcesFiltering - Using platform encoding (UTF-8 actually) to copy filtered resources, i.e. build is platform dependent!
2024-11-14 02:31:21,823 [Worker-2: Building] INFO  o.a.m.s.f.DefaultMavenResourcesFiltering - Copying 0 resource from src/main/resources to target/classes
2024-11-14 02:31:21,824 [Worker-2: Building] WARN  o.a.m.s.f.DefaultMavenResourcesFiltering - Using platform encoding (UTF-8 actually) to copy filtered resources, i.e. build is platform dependent!
2024-11-14 02:31:21,825 [Worker-2: Building] INFO  o.a.m.s.f.DefaultMavenResourcesFiltering - Copying 0 resource from src/test/resources to target/test-classes
2024-11-14 02:31:21,996 [Worker-1: Building] WARN  o.a.m.s.f.DefaultMavenResourcesFiltering - Using platform encoding (UTF-8 actually) to copy filtered resources, i.e. build is platform dependent!
2024-11-14 02:31:21,997 [Worker-1: Building] INFO  o.a.m.s.f.DefaultMavenResourcesFiltering - Copying 0 resource from src/main/resources to target/classes
2024-11-14 02:31:21,998 [Worker-1: Building] WARN  o.a.m.s.f.DefaultMavenResourcesFiltering - Using platform encoding (UTF-8 actually) to copy filtered resources, i.e. build is platform dependent!
2024-11-14 02:31:21,999 [Worker-1: Building] INFO  o.a.m.s.f.DefaultMavenResourcesFiltering - Copying 0 resource from src/test/resources to target/test-classes
2024-11-14 02:31:22,176 [Worker-1: Building] INFO  o.e.m.c.i.l.LifecycleMappingFactory - Using org.eclipse.m2e.jdt.JarLifecycleMapping lifecycle mapping for MavenProject: ap1:com.Srinivas:0.0.1-SNAPSHOT @ /Users/srinivasdeekonda/Documents/workspace-spring-tool-suite-4-4.23.0.RELEASE/com.Srinivas/pom.xml.
2024-11-14 02:31:22,231 [Worker-1: Building] INFO  o.a.m.s.f.DefaultMavenResourcesFiltering - skip non existing resourceDirectory /Users/srinivasdeekonda/Documents/workspace-spring-tool-suite-4-4.23.0.RELEASE/com.Srinivas/src/main/resources
2024-11-14 02:31:22,233 [Worker-1: Building] INFO  o.a.m.s.f.DefaultMavenResourcesFiltering - skip non existing resourceDirectory /Users/srinivasdeekonda/Documents/workspace-spring-tool-suite-4-4.23.0.RELEASE/com.Srinivas/src/test/resources
2024-11-14 02:31:22,426 [Worker-16: Building] INFO  o.a.m.s.f.DefaultMavenResourcesFiltering - skip non existing resourceDirectory /Users/srinivasdeekonda/Documents/workspace-spring-tool-suite-4-4.23.0.RELEASE/com.Srinivas/src/main/resources
2024-11-14 02:31:22,428 [Worker-16: Building] INFO  o.a.m.s.f.DefaultMavenResourcesFiltering - skip non existing resourceDirectory /Users/srinivasdeekonda/Documents/workspace-spring-tool-suite-4-4.23.0.RELEASE/com.Srinivas/src/test/resources
2024-11-14 02:31:22,699 [Worker-16: Building] INFO  o.e.m.c.i.l.LifecycleMappingFactory - Using org.eclipse.m2e.jdt.JarLifecycleMapping lifecycle mapping for MavenProject: com.Practical:crud-app:0.0.1-SNAPSHOT @ /Users/srinivasdeekonda/Documents/workspace-spring-tool-suite-4-4.23.0.RELEASE/crud-app/pom.xml.
2024-11-14 02:31:23,045 [Worker-16: Building] INFO  o.a.m.s.f.DefaultMavenResourcesFiltering - Copying 1 resource from src/main/resources to target/classes
2024-11-14 02:31:23,055 [Worker-16: Building] INFO  o.a.m.s.f.DefaultMavenResourcesFiltering - Copying 0 resource from src/main/resources to target/classes
2024-11-14 02:31:23,058 [Worker-16: Building] INFO  o.a.m.s.f.DefaultMavenResourcesFiltering - skip non existing resourceDirectory /Users/srinivasdeekonda/Documents/workspace-spring-tool-suite-4-4.23.0.RELEASE/crud-app/src/test/resources
2024-11-14 02:31:23,339 [Worker-21: Building] INFO  o.a.m.s.f.DefaultMavenResourcesFiltering - Copying 1 resource from src/main/resources to target/classes
2024-11-14 02:31:23,341 [Worker-21: Building] INFO  o.a.m.s.f.DefaultMavenResourcesFiltering - Copying 0 resource from src/main/resources to target/classes
2024-11-14 02:31:23,343 [Worker-21: Building] INFO  o.a.m.s.f.DefaultMavenResourcesFiltering - skip non existing resourceDirectory /Users/srinivasdeekonda/Documents/workspace-spring-tool-suite-4-4.23.0.RELEASE/crud-app/src/test/resources
2024-11-14 02:31:23,607 [Worker-21: Building] INFO  o.e.m.c.i.l.LifecycleMappingFactory - Using org.eclipse.m2e.jdt.JarLifecycleMapping lifecycle mapping for MavenProject: student:stdMgmt_UsingPostman:0.0.1-SNAPSHOT @ /Users/srinivasdeekonda/Documents/workspace-spring-tool-suite-4-4.23.0.RELEASE/stdMgmt_UsingPostman2/pom.xml.
2024-11-14 02:31:24,079 [Worker-21: Building] INFO  o.a.m.s.f.DefaultMavenResourcesFiltering - Copying 1 resource from src/main/resources to target/classes
2024-11-14 02:31:24,092 [Worker-21: Building] INFO  o.a.m.s.f.DefaultMavenResourcesFiltering - Copying 4 resources from src/main/resources to target/classes
2024-11-14 02:31:24,106 [Worker-21: Building] INFO  o.a.m.s.f.DefaultMavenResourcesFiltering - skip non existing resourceDirectory /Users/srinivasdeekonda/Documents/workspace-spring-tool-suite-4-4.23.0.RELEASE/stdMgmt_UsingPostman2/src/test/resources
2024-11-14 02:32:02,463 [Worker-25: Building] INFO  o.a.m.s.f.DefaultMavenResourcesFiltering - Copying 1 resource from src/main/resources to target/classes
2024-11-14 02:32:02,465 [Worker-25: Building] INFO  o.a.m.s.f.DefaultMavenResourcesFiltering - Copying 4 resources from src/main/resources to target/classes
2024-11-14 02:32:02,469 [Worker-25: Building] INFO  o.a.m.s.f.DefaultMavenResourcesFiltering - skip non existing resourceDirectory /Users/srinivasdeekonda/Documents/workspace-spring-tool-suite-4-4.23.0.RELEASE/stdMgmt_UsingPostman2/src/test/resources
